<?xml version="1.0" encoding="UTF-8"?>
<!-- Generated by org.testng.reporters.JUnitXMLReporter -->
<testsuite ignored="3" hostname="DESKTOP-R0GNJAC" failures="0" tests="1" name="Default test" time="4.366" errors="0" timestamp="16 Oct 2021 14:10:35 GMT">
  <testcase classname="com.rest.api.post.POSTAPIBDD" name="createUser_Post_API_File_Test" time="4.316"/>
  <testcase classname="com.rest.api.post.POSTAPIBDD" name="tokenPostBDDAPI_FILE_TEST" time="0.0">
    <ignored/>
  </testcase> <!-- tokenPostBDDAPI_FILE_TEST -->
  <testcase classname="com.rest.api.post.POSTAPIBDD" name="tokenPostBDDAPI_Test" time="0.0">
    <ignored/>
  </testcase> <!-- tokenPostBDDAPI_Test -->
  <testcase classname="com.rest.api.post.POSTAPIBDD" name="createUser_Post_API_JSONString" time="0.0">
    <ignored/>
  </testcase> <!-- createUser_Post_API_JSONString -->
</testsuite> <!-- Default test -->
