<?xml version="1.0" encoding="UTF-8"?>
<!-- Generated by org.testng.reporters.JUnitXMLReporter -->
<testsuite ignored="3" hostname="DESKTOP-R0GNJAC" failures="0" tests="1" name="Default test" time="2.832" errors="0" timestamp="06 Oct 2021 19:40:06 GMT">
  <testcase classname="com.rest.api.authentication.AuthApis" name="OAuth_API_WithTwoQueryParams_API_Test" time="2.783"/>
  <testcase classname="com.rest.api.authentication.AuthApis" name="OAuth2_API_Test" time="0.0">
    <ignored/>
  </testcase> <!-- OAuth2_API_Test -->
  <testcase classname="com.rest.api.authentication.AuthApis" name="basic_auth_API_Test" time="0.0">
    <ignored/>
  </testcase> <!-- basic_auth_API_Test -->
  <testcase classname="com.rest.api.authentication.AuthApis" name="OAuth_API_Test_With_AuthHeader" time="0.0">
    <ignored/>
  </testcase> <!-- OAuth_API_Test_With_AuthHeader -->
</testsuite> <!-- Default test -->
