<?xml version="1.0" encoding="UTF-8"?>
<testng-results ignored="1" total="2" passed="1" failed="0" skipped="0">
  <reporter-output>
  </reporter-output>
  <suite started-at="2021-10-19T17:39:56Z" name="Default suite" finished-at="2021-10-19T17:40:00Z" duration-ms="3531">
    <groups>
    </groups>
    <test started-at="2021-10-19T17:39:56Z" name="Default test" finished-at="2021-10-19T17:40:00Z" duration-ms="3531">
      <class name="com.rest.api.get.GETNONBDDAPI">
        <test-method signature="getUser_Non_BDD_WithQueryParam_Test()[pri:2, instance:com.rest.api.get.GETNONBDDAPI@4c309d4d]" started-at="2021-10-19T17:39:56Z" name="getUser_Non_BDD_WithQueryParam_Test" finished-at="2021-10-19T17:40:00Z" duration-ms="3493" status="PASS">
          <reporter-output>
          </reporter-output>
        </test-method> <!-- getUser_Non_BDD_WithQueryParam_Test -->
      </class> <!-- com.rest.api.get.GETNONBDDAPI -->
    </test> <!-- Default test -->
  </suite> <!-- Default suite -->
</testng-results>
