<?xml version="1.0" encoding="UTF-8"?>
<testng-results ignored="4" total="7" passed="3" failed="0" skipped="0">
  <reporter-output>
  </reporter-output>
  <suite started-at="2021-10-04T18:28:43Z" name="Default suite" finished-at="2021-10-04T18:28:48Z" duration-ms="5454">
    <groups>
    </groups>
    <test started-at="2021-10-04T18:28:43Z" name="Default test" finished-at="2021-10-04T18:28:48Z" duration-ms="5454">
      <class name="com.rest.api.get.GETBDDAPI">
        <test-method signature="numberOfCircuitYearTest(java.lang.String, int)[pri:0, instance:com.rest.api.get.GETBDDAPI@7530ad9c]" started-at="2021-10-04T18:28:43Z" name="numberOfCircuitYearTest" data-provider="getCircuitYearData" finished-at="2021-10-04T18:28:47Z" duration-ms="4263" status="PASS">
          <params>
            <param index="0">
              <value>
                <![CDATA[2017]]>
              </value>
            </param>
            <param index="1">
              <value>
                <![CDATA[20]]>
              </value>
            </param>
          </params>
          <reporter-output>
          </reporter-output>
        </test-method> <!-- numberOfCircuitYearTest -->
        <test-method signature="numberOfCircuitYearTest(java.lang.String, int)[pri:0, instance:com.rest.api.get.GETBDDAPI@7530ad9c]" started-at="2021-10-04T18:28:47Z" name="numberOfCircuitYearTest" data-provider="getCircuitYearData" finished-at="2021-10-04T18:28:48Z" duration-ms="610" status="PASS">
          <params>
            <param index="0">
              <value>
                <![CDATA[2016]]>
              </value>
            </param>
            <param index="1">
              <value>
                <![CDATA[21]]>
              </value>
            </param>
          </params>
          <reporter-output>
          </reporter-output>
        </test-method> <!-- numberOfCircuitYearTest -->
        <test-method signature="numberOfCircuitYearTest(java.lang.String, int)[pri:0, instance:com.rest.api.get.GETBDDAPI@7530ad9c]" started-at="2021-10-04T18:28:48Z" name="numberOfCircuitYearTest" data-provider="getCircuitYearData" finished-at="2021-10-04T18:28:48Z" duration-ms="506" status="PASS">
          <params>
            <param index="0">
              <value>
                <![CDATA[1966]]>
              </value>
            </param>
            <param index="1">
              <value>
                <![CDATA[9]]>
              </value>
            </param>
          </params>
          <reporter-output>
          </reporter-output>
        </test-method> <!-- numberOfCircuitYearTest -->
      </class> <!-- com.rest.api.get.GETBDDAPI -->
    </test> <!-- Default test -->
  </suite> <!-- Default suite -->
</testng-results>
